[2020-08-06 15:58:48,646] INFO org.github.dragos.vscode.Main$ - Starting server in c:\Users\dp76343\Desktop\gitrepos\rentalservice
[2020-08-06 15:58:48,646] INFO org.github.dragos.vscode.Main$ - Starting server in c:\Users\dp76343\Desktop\gitrepos\rentalservice
[2020-08-06 15:58:48,663] INFO org.github.dragos.vscode.Main$ - Classpath: c:\Users\dp76343\.vscode\extensions\dragos.scala-lsp-0.2.3\coursier
[2020-08-06 15:58:48,663] INFO org.github.dragos.vscode.Main$ - Classpath: c:\Users\dp76343\.vscode\extensions\dragos.scala-lsp-0.2.3\coursier
[2020-08-06 15:58:48,874] DEBUG langserver.core.MessageReader - Received headers:
Content-Length: 1231
[2020-08-06 15:58:48,874] DEBUG langserver.core.MessageReader - Received headers:
Content-Length: 1231
[2020-08-06 15:58:48,902] DEBUG langserver.core.Connection - Received {"jsonrpc":"2.0","id":0,"method":"initialize","params":{"processId":10048,"rootPath":"c:\\Users\\dp76343\\Desktop\\gitrepos\\rentalservice","rootUri":"file:///c%3A/Users/dp76343/Desktop/gitrepos/rentalservice","capabilities":{"workspace":{"applyEdit":true,"didChangeConfiguration":{"dynamicRegistration":false},"didChangeWatchedFiles":{"dynamicRegistration":false},"symbol":{"dynamicRegistration":true},"executeCommand":{"dynamicRegistration":true}},"textDocument":{"synchronization":{"dynamicRegistration":true,"willSave":true,"willSaveWaitUntil":true,"didSave":true},"completion":{"dynamicRegistration":true,"completionItem":{"snippetSupport":true}},"hover":{"dynamicRegistration":true},"signatureHelp":{"dynamicRegistration":true},"references":{"dynamicRegistration":true},"documentHighlight":{"dynamicRegistration":true},"documentSymbol":{"dynamicRegistration":true},"formatting":{"dynamicRegistration":true},"rangeFormatting":{"dynamicRegistration":true},"onTypeFormatting":{"dynamicRegistration":true},"definition":{"dynamicRegistration":true},"codeAction":{"dynamicRegistration":true},"codeLens":{"dynamicRegistration":true},"documentLink":{"dynamicRegistration":true},"rename":{"dynamicRegistration":true}}},"trace":"off"}}
[2020-08-06 15:58:48,902] DEBUG langserver.core.Connection - Received {"jsonrpc":"2.0","id":0,"method":"initialize","params":{"processId":10048,"rootPath":"c:\\Users\\dp76343\\Desktop\\gitrepos\\rentalservice","rootUri":"file:///c%3A/Users/dp76343/Desktop/gitrepos/rentalservice","capabilities":{"workspace":{"applyEdit":true,"didChangeConfiguration":{"dynamicRegistration":false},"didChangeWatchedFiles":{"dynamicRegistration":false},"symbol":{"dynamicRegistration":true},"executeCommand":{"dynamicRegistration":true}},"textDocument":{"synchronization":{"dynamicRegistration":true,"willSave":true,"willSaveWaitUntil":true,"didSave":true},"completion":{"dynamicRegistration":true,"completionItem":{"snippetSupport":true}},"hover":{"dynamicRegistration":true},"signatureHelp":{"dynamicRegistration":true},"references":{"dynamicRegistration":true},"documentHighlight":{"dynamicRegistration":true},"documentSymbol":{"dynamicRegistration":true},"formatting":{"dynamicRegistration":true},"rangeFormatting":{"dynamicRegistration":true},"onTypeFormatting":{"dynamicRegistration":true},"definition":{"dynamicRegistration":true},"codeAction":{"dynamicRegistration":true},"codeLens":{"dynamicRegistration":true},"documentLink":{"dynamicRegistration":true},"rename":{"dynamicRegistration":true}}},"trace":"off"}}
[2020-08-06 15:58:49,873] INFO org.github.dragos.vscode.EnsimeLanguageServer - Initialized with 10048, c:\Users\dp76343\Desktop\gitrepos\rentalservice, ClientCapabilities()
[2020-08-06 15:58:49,873] INFO org.github.dragos.vscode.EnsimeLanguageServer - Initialized with 10048, c:\Users\dp76343\Desktop\gitrepos\rentalservice, ClientCapabilities()
[2020-08-06 15:58:49,877] DEBUG org.github.dragos.vscode.EnsimeLanguageServer - ensime.config = "C:/Users/dp76343/Desktop/gitrepos/rentalservice/.ensime" 
[2020-08-06 15:58:49,877] DEBUG org.github.dragos.vscode.EnsimeLanguageServer - ensime.config = "C:/Users/dp76343/Desktop/gitrepos/rentalservice/.ensime" 
[2020-08-06 15:58:50,576] INFO akka.event.slf4j.Slf4jLogger - Slf4jLogger started
[2020-08-06 15:58:50,812] ERROR org.github.dragos.vscode.EnsimeLanguageServer - initializeEnsime Error: C:\Users\dp76343\Desktop\gitrepos\rentalservice\.ensime
[2020-08-06 15:58:50,812] ERROR org.github.dragos.vscode.EnsimeLanguageServer - initializeEnsime Error: C:\Users\dp76343\Desktop\gitrepos\rentalservice\.ensime
[2020-08-06 15:58:50,908] DEBUG langserver.core.MessageWriter - Content-Length: 146



{"jsonrpc":"2.0","method":"window/showMessage","params":{"tpe":1,"message":"No .ensime file in directory. Run `sbt ensimeConfig` to create one."}}
[2020-08-06 15:58:50,908] DEBUG langserver.core.MessageWriter - Content-Length: 146



{"jsonrpc":"2.0","method":"window/showMessage","params":{"tpe":1,"message":"No .ensime file in directory. Run `sbt ensimeConfig` to create one."}}
[2020-08-06 15:58:50,909] DEBUG langserver.core.MessageWriter - payload: {"jsonrpc":"2.0","method":"window/showMessage","params":{"tpe":1,"message":"No .ensime file in directory. Run `sbt ensimeConfig` to create one."}}
[2020-08-06 15:58:50,909] DEBUG langserver.core.MessageWriter - payload: {"jsonrpc":"2.0","method":"window/showMessage","params":{"tpe":1,"message":"No .ensime file in directory. Run `sbt ensimeConfig` to create one."}}
[2020-08-06 15:58:51,057] DEBUG langserver.core.MessageWriter - Content-Length: 441



{"jsonrpc":"2.0","result":{"capabilities":{"textDocumentSync":1,"hoverProvider":true,"completionProvider":{"resolveProvider":false,"triggerCharacters":["."]},"definitionProvider":true,"referencesProvider":false,"documentHighlightProvider":false,"documentSymbolProvider":true,"workspaceSymbolProvider":false,"codeActionProvider":false,"documentFormattingProvider":false,"documentRangeFormattingProvider":false,"renameProvider":false}},"id":0}
[2020-08-06 15:58:51,057] DEBUG langserver.core.MessageWriter - Content-Length: 441



{"jsonrpc":"2.0","result":{"capabilities":{"textDocumentSync":1,"hoverProvider":true,"completionProvider":{"resolveProvider":false,"triggerCharacters":["."]},"definitionProvider":true,"referencesProvider":false,"documentHighlightProvider":false,"documentSymbolProvider":true,"workspaceSymbolProvider":false,"codeActionProvider":false,"documentFormattingProvider":false,"documentRangeFormattingProvider":false,"renameProvider":false}},"id":0}
[2020-08-06 15:58:51,057] DEBUG langserver.core.MessageWriter - payload: {"jsonrpc":"2.0","result":{"capabilities":{"textDocumentSync":1,"hoverProvider":true,"completionProvider":{"resolveProvider":false,"triggerCharacters":["."]},"definitionProvider":true,"referencesProvider":false,"documentHighlightProvider":false,"documentSymbolProvider":true,"workspaceSymbolProvider":false,"codeActionProvider":false,"documentFormattingProvider":false,"documentRangeFormattingProvider":false,"renameProvider":false}},"id":0}
[2020-08-06 15:58:51,057] DEBUG langserver.core.MessageWriter - payload: {"jsonrpc":"2.0","result":{"capabilities":{"textDocumentSync":1,"hoverProvider":true,"completionProvider":{"resolveProvider":false,"triggerCharacters":["."]},"definitionProvider":true,"referencesProvider":false,"documentHighlightProvider":false,"documentSymbolProvider":true,"workspaceSymbolProvider":false,"codeActionProvider":false,"documentFormattingProvider":false,"documentRangeFormattingProvider":false,"renameProvider":false}},"id":0}
[2020-08-06 15:58:51,059] DEBUG langserver.core.MessageReader - Received headers:
Content-Length: 52
[2020-08-06 15:58:51,059] DEBUG langserver.core.MessageReader - Received headers:
Content-Length: 52
[2020-08-06 15:58:51,061] DEBUG langserver.core.Connection - Received {"jsonrpc":"2.0","method":"initialized","params":{}}
[2020-08-06 15:58:51,061] DEBUG langserver.core.Connection - Received {"jsonrpc":"2.0","method":"initialized","params":{}}
[2020-08-06 15:58:51,083] ERROR org.github.dragos.vscode.EnsimeLanguageServer - Unknown notification Initialized()
[2020-08-06 15:58:51,083] ERROR org.github.dragos.vscode.EnsimeLanguageServer - Unknown notification Initialized()
[2020-08-06 16:07:25,606] DEBUG langserver.core.MessageReader - Received headers:
Content-Length: 58
[2020-08-06 16:07:25,606] DEBUG langserver.core.MessageReader - Received headers:
Content-Length: 58
[2020-08-06 16:07:25,609] DEBUG langserver.core.Connection - Received {"jsonrpc":"2.0","id":1,"method":"shutdown","params":null}
[2020-08-06 16:07:25,609] DEBUG langserver.core.Connection - Received {"jsonrpc":"2.0","id":1,"method":"shutdown","params":null}
[2020-08-06 16:07:25,631] DEBUG langserver.core.MessageWriter - Content-Length: 198



{"jsonrpc":"2.0","error":{"code":-32602,"message":"Invalid params","data":{"meaning":"Invalid method parameter(s).","error":{"obj":[{"msg":["command parameters must be given"],"args":[]}]}}},"id":1}
[2020-08-06 16:07:25,631] DEBUG langserver.core.MessageWriter - Content-Length: 198



{"jsonrpc":"2.0","error":{"code":-32602,"message":"Invalid params","data":{"meaning":"Invalid method parameter(s).","error":{"obj":[{"msg":["command parameters must be given"],"args":[]}]}}},"id":1}
[2020-08-06 16:07:25,631] DEBUG langserver.core.MessageWriter - payload: {"jsonrpc":"2.0","error":{"code":-32602,"message":"Invalid params","data":{"meaning":"Invalid method parameter(s).","error":{"obj":[{"msg":["command parameters must be given"],"args":[]}]}}},"id":1}
[2020-08-06 16:07:25,631] DEBUG langserver.core.MessageWriter - payload: {"jsonrpc":"2.0","error":{"code":-32602,"message":"Invalid params","data":{"meaning":"Invalid method parameter(s).","error":{"obj":[{"msg":["command parameters must be given"],"args":[]}]}}},"id":1}
